<?xml version="1.0" encoding="UTF-8"?>
<testng-results ignored="0" total="1" passed="1" failed="0" skipped="0">
  <reporter-output>
  </reporter-output>
  <suite started-at="2020-06-09T09:53:55 IST" name="Default suite" finished-at="2020-06-09T09:53:58 IST" duration-ms="3250">
    <groups>
    </groups>
    <test started-at="2020-06-09T09:53:55 IST" name="Default test" finished-at="2020-06-09T09:53:58 IST" duration-ms="3250">
      <class name="TC001_RestAssuredGetRequest">
        <test-method signature="Get__PostMan_data()[pri:0, instance:TC001_RestAssuredGetRequest@2928854b]" started-at="2020-06-09T09:53:55 IST" name="Get__PostMan_data" finished-at="2020-06-09T09:53:58 IST" duration-ms="3186" status="PASS">
          <reporter-output>
          </reporter-output>
        </test-method> <!-- Get__PostMan_data -->
      </class> <!-- TC001_RestAssuredGetRequest -->
    </test> <!-- Default test -->
  </suite> <!-- Default suite -->
</testng-results>
